<?xml version="1.0" encoding="UTF-8"?>
<!-- Generated by org.testng.reporters.JUnitReportReporter -->
<testsuite hostname="DESKTOP-GTA5A2K" name="com.settleking.testCases.TC_CreateSettlement_003" tests="1" failures="0" timestamp="6 Feb 2022 22:18:49 GMT" time="10.253" errors="0">
  <testcase name="CreateSettlement" time="10.253" classname="com.settleking.testCases.TC_CreateSettlement_003"/>
</testsuite> <!-- com.settleking.testCases.TC_CreateSettlement_003 -->
