<?xml version="1.0" encoding="UTF-8"?>
<!-- Generated by org.testng.reporters.JUnitReportReporter -->
<testsuite hostname="DESKTOP-GTA5A2K" name="com.settleking.testCases.TC_loginTest_001" tests="1" failures="0" timestamp="31 Jan 2022 04:58:30 GMT" time="0.445" errors="0">
  <testcase name="loginTest" time="0.445" classname="com.settleking.testCases.TC_loginTest_001"/>
</testsuite> <!-- com.settleking.testCases.TC_loginTest_001 -->
